* using log directory 'G:/Google_Drive/Hallworth_Rpackages/BBS.Rcheck'
* using R version 3.0.2 (2013-09-25)
* using platform: x86_64-w64-mingw32 (64-bit)
* using session charset: ISO8859-1
* checking for file 'BBS/DESCRIPTION' ... OK
* checking extension type ... Package
* this is package 'BBS' version '1.0'
* checking package namespace information ... OK
* checking package dependencies ... OK
* checking if this is a source package ... OK
* checking if there is a namespace ... OK
* checking for executable files ... OK
* checking for hidden files and directories ... OK
* checking for portable file names ... OK
* checking whether package 'BBS' can be installed ... WARNING
Found the following significant warnings:
  Warning: G:/Google_Drive/Hallworth_Rpackages/BBS.Rcheck/00_pkg_src/BBS/man/BBS-package.Rd:33: All text must be in a section
  Warning: G:/Google_Drive/Hallworth_Rpackages/BBS.Rcheck/00_pkg_src/BBS/man/BBS-package.Rd:34: All text must be in a section
See 'G:/Google_Drive/Hallworth_Rpackages/BBS.Rcheck/00install.out' for details.
* checking installed package size ... OK
* checking package directory ... OK
* checking DESCRIPTION meta-information ... NOTE
Licenses which are templates and need '+ file LICENSE':
  MIT
* checking top-level files ... OK
* checking for left-over files ... OK
* checking index information ... OK
* checking package subdirectories ... OK
* checking R files for non-ASCII characters ... OK
* checking R files for syntax errors ... OK
* checking whether the package can be loaded ... OK
* checking whether the package can be loaded with stated dependencies ... OK
* checking whether the package can be unloaded cleanly ... OK
* checking whether the namespace can be loaded with stated dependencies ... OK
* checking whether the namespace can be unloaded cleanly ... OK
* checking loading without being on the library search path ... OK
* checking dependencies in R code ... WARNING
'::' or ':::' import not declared from: 'raster'
See the information on DESCRIPTION files in the chapter 'Creating R
packages' of the 'Writing R Extensions' manual.
* checking S3 generic/method consistency ... OK
* checking replacement functions ... OK
* checking foreign function calls ... OK
* checking R code for possible problems ... OK
* checking Rd files ... WARNING
prepare_Rd: BBS-package.Rd:33: All text must be in a section
prepare_Rd: BBS-package.Rd:34: All text must be in a section
* checking Rd metadata ... OK
* checking Rd cross-references ... WARNING
Unknown package '<pkg>' in Rd xrefs
* checking for missing documentation entries ... WARNING
Undocumented data sets:
  'NAbirdsList'
All user-level objects in a package should have documentation entries.
See the chapter 'Writing R documentation files' in the 'Writing R
Extensions' manual.
* checking for code/documentation mismatches ... OK
* checking Rd \usage sections ... OK
* checking Rd contents ... OK
* checking for unstated dependencies in examples ... WARNING
Warning: parse error in file 'BBS-Ex.R':
21:11: unexpected symbol
20: 
21: ~~ simple examples
              ^
* checking contents of 'data' directory ... OK
* checking data for non-ASCII characters ... OK
* checking data for ASCII and uncompressed saves ... OK
* checking examples ... ERROR
Running examples in 'BBS-Ex.R' failed
The error most likely occurred in:

> ### Name: BBS-package
> ### Title: What the package does (short line) ~~ package title ~~
> ### Aliases: BBS-package BBS
> ### Keywords: package
> 
> ### ** Examples
> 
> ~~ simple examples of the most important functions ~~
Error: unexpected symbol in "~~ simple examples"
Execution halted
